<?xml version="1.0" encoding="UTF-8"?>
<testsuite xmlns:xsi="http://www.w3.org/2001/XMLSchema-instance" xsi:noNamespaceSchemaLocation="https://maven.apache.org/surefire/maven-surefire-plugin/xsd/surefire-test-report-3.0.xsd" version="3.0" name="com.organization.ApplicationTests" time="8.197" tests="1" errors="0" skipped="0" failures="0">
  <properties>
[...]
</properties>
  <testcase name="contextLoads" classname="com.organization.ApplicationTests" time="1.245">
    <system-out><![CDATA[03:02:24.824 [main] INFO org.springframework.test.context.support.AnnotationConfigContextLoaderUtils -- Could not detect default configuration classes for test class [com.organization.ApplicationTests]: ApplicationTests does not declare any static, non-private, non-final, nested classes annotated with @Configuration.
03:02:24.986 [main] INFO org.springframework.boot.test.context.SpringBootTestContextBootstrapper -- Found @SpringBootConfiguration com.organization.Application for test class com.organization.ApplicationTests

  .   ____          _            __ _ _
 /\\ / ___'_ __ _ _(_)_ __  __ _ \ \ \ \
( ( )\___ | '_ | '_| | '_ \/ _` | \ \ \ \
 \\/  ___)| |_)| | | | | || (_| |  ) ) ) )
  '  |____| .__|_| |_|_| |_\__, | / / / /
 =========|_|==============|___/=/_/_/_/
 :: Spring Boot ::                (v3.1.2)

2025-10-25 03:02:25 - Starting ApplicationTests using Java 17.0.12 with PID 24504 (started by varis in D:\spring\backend)
2025-10-25 03:02:25 - No active profile set, falling back to 1 default profile: "default"
2025-10-25 03:02:26 - Bootstrapping Spring Data MongoDB repositories in DEFAULT mode.
2025-10-25 03:02:26 - Finished Spring Data repository scanning in 57 ms. Found 5 MongoDB repository interfaces.
2025-10-25 03:02:27 - MongoClient with metadata {"driver": {"name": "mongo-java-driver|sync|spring-boot", "version": "4.9.1"}, "os": {"type": "Windows", "name": "Windows 11", "architecture": "amd64", "version": "10.0"}, "platform": "Java/Oracle Corporation/17.0.12+8-LTS-286"} created with settings MongoClientSettings{readPreference=primary, writeConcern=WriteConcern{w=null, wTimeout=null ms, journal=null}, retryWrites=true, retryReads=true, readConcern=ReadConcern{level=null}, credential=null, streamFactoryFactory=null, commandListeners=[], codecRegistry=ProvidersCodecRegistry{codecProviders=[ValueCodecProvider{}, BsonValueCodecProvider{}, DBRefCodecProvider{}, DBObjectCodecProvider{}, DocumentCodecProvider{}, CollectionCodecProvider{}, IterableCodecProvider{}, MapCodecProvider{}, GeoJsonCodecProvider{}, GridFSFileCodecProvider{}, Jsr310CodecProvider{}, JsonObjectCodecProvider{}, BsonCodecProvider{}, EnumCodecProvider{}, com.mongodb.client.model.mql.ExpressionCodecProvider@31f295b6, com.mongodb.Jep395RecordCodecProvider@7a687d8d]}, loggerSettings=LoggerSettings{maxDocumentLength=1000}, clusterSettings={hosts=[localhost:27017], srvServiceName=mongodb, mode=SINGLE, requiredClusterType=UNKNOWN, requiredReplicaSetName='null', serverSelector='null', clusterListeners='[]', serverSelectionTimeout='30000 ms', localThreshold='30000 ms'}, socketSettings=SocketSettings{connectTimeoutMS=10000, readTimeoutMS=0, receiveBufferSize=0, sendBufferSize=0}, heartbeatSocketSettings=SocketSettings{connectTimeoutMS=10000, readTimeoutMS=10000, receiveBufferSize=0, sendBufferSize=0}, connectionPoolSettings=ConnectionPoolSettings{maxSize=100, minSize=0, maxWaitTimeMS=120000, maxConnectionLifeTimeMS=0, maxConnectionIdleTimeMS=0, maintenanceInitialDelayMS=0, maintenanceFrequencyMS=60000, connectionPoolListeners=[], maxConnecting=2}, serverSettings=ServerSettings{heartbeatFrequencyMS=10000, minHeartbeatFrequencyMS=500, serverListeners='[]', serverMonitorListeners='[]'}, sslSettings=SslSettings{enabled=false, invalidHostNameAllowed=false, context=null}, applicationName='null', compressorList=[], uuidRepresentation=JAVA_LEGACY, serverApi=null, autoEncryptionSettings=null, contextProvider=null}
2025-10-25 03:02:27 - Monitor thread successfully connected to server with description ServerDescription{address=localhost:27017, type=STANDALONE, state=CONNECTED, ok=true, minWireVersion=0, maxWireVersion=25, maxDocumentSize=16777216, logicalSessionTimeoutMinutes=30, roundTripTimeNanos=39573200}
2025-10-25 03:02:29 - Will secure any request with [org.springframework.security.web.session.DisableEncodeUrlFilter@3e38c472, org.springframework.security.web.context.request.async.WebAsyncManagerIntegrationFilter@2ee92e7d, org.springframework.security.web.context.SecurityContextHolderFilter@2dd0a0d0, org.springframework.security.web.header.HeaderWriterFilter@6793f752, org.springframework.web.filter.CorsFilter@759a678a, org.springframework.security.web.authentication.logout.LogoutFilter@714e861f, com.organization.security.JwtAuthenticationFilter@6cdbe5ec, org.springframework.security.web.savedrequest.RequestCacheAwareFilter@1796b2d4, org.springframework.security.web.servletapi.SecurityContextHolderAwareRequestFilter@935d3f9, org.springframework.security.web.authentication.AnonymousAuthenticationFilter@14b8a751, org.springframework.security.web.session.SessionManagementFilter@3af236d0, org.springframework.security.web.access.ExceptionTranslationFilter@53d30d23, org.springframework.security.web.access.intercept.AuthorizationFilter@a21c74]
2025-10-25 03:02:31 - Started ApplicationTests in 6.122 seconds (process running for 7.326)
ℹ️ Admin user already exists: admin@example.com
]]></system-out>
  </testcase>
</testsuite>