<?xml version="1.0" encoding="UTF-8"?>
<testsuite xmlns:xsi="http://www.w3.org/2001/XMLSchema-instance" xsi:noNamespaceSchemaLocation="https://maven.apache.org/surefire/maven-surefire-plugin/xsd/surefire-test-report-3.0.xsd" version="3.0" name="com.organization.ApplicationTests" time="8.486" tests="1" errors="0" skipped="0" failures="0">
  <properties>
[...]
</properties>
  <testcase name="contextLoads" classname="com.organization.ApplicationTests" time="0.935">
    <system-out><![CDATA[00:48:18.905 [main] INFO org.springframework.test.context.support.AnnotationConfigContextLoaderUtils -- Could not detect default configuration classes for test class [com.organization.ApplicationTests]: ApplicationTests does not declare any static, non-private, non-final, nested classes annotated with @Configuration.
00:48:19.055 [main] INFO org.springframework.boot.test.context.SpringBootTestContextBootstrapper -- Found @SpringBootConfiguration com.organization.Application for test class com.organization.ApplicationTests
00:48:19.243 [main] INFO org.springframework.boot.devtools.restart.RestartApplicationListener -- Restart disabled due to context in which it is running

  .   ____          _            __ _ _
 /\\ / ___'_ __ _ _(_)_ __  __ _ \ \ \ \
( ( )\___ | '_ | '_| | '_ \/ _` | \ \ \ \
 \\/  ___)| |_)| | | | | || (_| |  ) ) ) )
  '  |____| .__|_| |_|_| |_\__, | / / / /
 =========|_|==============|___/=/_/_/_/

 :: Spring Boot ::               (v3.3.11)

2025-11-13 00:48:19 - Starting ApplicationTests using Java 17.0.12 with PID 21064 (started by varis in C:\Users\varis\Downloads\fee-management-system\fee-management-system\backend)
2025-11-13 00:48:19 - No active profile set, falling back to 1 default profile: "default"
2025-11-13 00:48:20 - Bootstrapping Spring Data MongoDB repositories in DEFAULT mode.
2025-11-13 00:48:20 - Finished Spring Data repository scanning in 68 ms. Found 5 MongoDB repository interfaces.
2025-11-13 00:48:21 - Adding discovered server ac-vmxxmxg-shard-00-00.anu8wnb.mongodb.net:27017 to client view of cluster
2025-11-13 00:48:21 - Adding discovered server ac-vmxxmxg-shard-00-01.anu8wnb.mongodb.net:27017 to client view of cluster
2025-11-13 00:48:21 - Adding discovered server ac-vmxxmxg-shard-00-02.anu8wnb.mongodb.net:27017 to client view of cluster
2025-11-13 00:48:21 - MongoClient with metadata {"driver": {"name": "mongo-java-driver|sync|spring-boot", "version": "5.0.1"}, "os": {"type": "Windows", "name": "Windows 11", "architecture": "amd64", "version": "10.0"}, "platform": "Java/Oracle Corporation/17.0.12+8-LTS-286"} created with settings MongoClientSettings{readPreference=primary, writeConcern=WriteConcern{w=majority, wTimeout=null ms, journal=null}, retryWrites=true, retryReads=true, readConcern=ReadConcern{level=null}, credential=MongoCredential{mechanism=null, userName='fee_admin', source='admin', password=<hidden>, mechanismProperties=<hidden>}, transportSettings=null, commandListeners=[], codecRegistry=ProvidersCodecRegistry{codecProviders=[ValueCodecProvider{}, BsonValueCodecProvider{}, DBRefCodecProvider{}, DBObjectCodecProvider{}, DocumentCodecProvider{}, CollectionCodecProvider{}, IterableCodecProvider{}, MapCodecProvider{}, GeoJsonCodecProvider{}, GridFSFileCodecProvider{}, Jsr310CodecProvider{}, JsonObjectCodecProvider{}, BsonCodecProvider{}, EnumCodecProvider{}, com.mongodb.client.model.mql.ExpressionCodecProvider@7742a45c, com.mongodb.Jep395RecordCodecProvider@7ca492d9, com.mongodb.KotlinCodecProvider@14fc9bd]}, loggerSettings=LoggerSettings{maxDocumentLength=1000}, clusterSettings={hosts=[ac-vmxxmxg-shard-00-00.anu8wnb.mongodb.net:27017, ac-vmxxmxg-shard-00-01.anu8wnb.mongodb.net:27017, ac-vmxxmxg-shard-00-02.anu8wnb.mongodb.net:27017], srvServiceName=mongodb, mode=MULTIPLE, requiredClusterType=REPLICA_SET, requiredReplicaSetName='atlas-fl5ghh-shard-0', serverSelector='null', clusterListeners='[]', serverSelectionTimeout='30000 ms', localThreshold='15 ms'}, socketSettings=SocketSettings{connectTimeoutMS=10000, readTimeoutMS=0, receiveBufferSize=0, proxySettings=ProxySettings{host=null, port=null, username=null, password=null}}, heartbeatSocketSettings=SocketSettings{connectTimeoutMS=10000, readTimeoutMS=10000, receiveBufferSize=0, proxySettings=ProxySettings{host=null, port=null, username=null, password=null}}, connectionPoolSettings=ConnectionPoolSettings{maxSize=100, minSize=0, maxWaitTimeMS=120000, maxConnectionLifeTimeMS=0, maxConnectionIdleTimeMS=0, maintenanceInitialDelayMS=0, maintenanceFrequencyMS=60000, connectionPoolListeners=[], maxConnecting=2}, serverSettings=ServerSettings{heartbeatFrequencyMS=10000, minHeartbeatFrequencyMS=500, serverListeners='[]', serverMonitorListeners='[]'}, sslSettings=SslSettings{enabled=true, invalidHostNameAllowed=false, context=null}, applicationName='null', compressorList=[], uuidRepresentation=JAVA_LEGACY, serverApi=null, autoEncryptionSettings=null, dnsClient=null, inetAddressResolver=null, contextProvider=null}
2025-11-13 00:48:22 - Global AuthenticationManager configured with UserDetailsService bean with name customUserDetailsService
2025-11-13 00:48:22 - Monitor thread successfully connected to server with description ServerDescription{address=ac-vmxxmxg-shard-00-01.anu8wnb.mongodb.net:27017, type=REPLICA_SET_SECONDARY, state=CONNECTED, ok=true, minWireVersion=0, maxWireVersion=25, maxDocumentSize=16777216, logicalSessionTimeoutMinutes=30, roundTripTimeNanos=731637500, setName='atlas-fl5ghh-shard-0', canonicalAddress=ac-vmxxmxg-shard-00-01.anu8wnb.mongodb.net:27017, hosts=[ac-vmxxmxg-shard-00-02.anu8wnb.mongodb.net:27017, ac-vmxxmxg-shard-00-00.anu8wnb.mongodb.net:27017, ac-vmxxmxg-shard-00-01.anu8wnb.mongodb.net:27017], passives=[], arbiters=[], primary='ac-vmxxmxg-shard-00-02.anu8wnb.mongodb.net:27017', tagSet=TagSet{[Tag{name='availabilityZone', value='euw1-az3'}, Tag{name='diskState', value='READY'}, Tag{name='nodeType', value='ELECTABLE'}, Tag{name='provider', value='AWS'}, Tag{name='region', value='EU_WEST_1'}, Tag{name='workloadType', value='OPERATIONAL'}]}, electionId=null, setVersion=528, topologyVersion=TopologyVersion{processId=690a63c3c9b6454dac01d68e, counter=3}, lastWriteDate=Thu Nov 13 00:48:21 IST 2025, lastUpdateTimeNanos=116789416968500}
2025-11-13 00:48:22 - Monitor thread successfully connected to server with description ServerDescription{address=ac-vmxxmxg-shard-00-00.anu8wnb.mongodb.net:27017, type=REPLICA_SET_SECONDARY, state=CONNECTED, ok=true, minWireVersion=0, maxWireVersion=25, maxDocumentSize=16777216, logicalSessionTimeoutMinutes=30, roundTripTimeNanos=731632600, setName='atlas-fl5ghh-shard-0', canonicalAddress=ac-vmxxmxg-shard-00-00.anu8wnb.mongodb.net:27017, hosts=[ac-vmxxmxg-shard-00-02.anu8wnb.mongodb.net:27017, ac-vmxxmxg-shard-00-00.anu8wnb.mongodb.net:27017, ac-vmxxmxg-shard-00-01.anu8wnb.mongodb.net:27017], passives=[], arbiters=[], primary='ac-vmxxmxg-shard-00-02.anu8wnb.mongodb.net:27017', tagSet=TagSet{[Tag{name='availabilityZone', value='euw1-az2'}, Tag{name='diskState', value='READY'}, Tag{name='nodeType', value='ELECTABLE'}, Tag{name='provider', value='AWS'}, Tag{name='region', value='EU_WEST_1'}, Tag{name='workloadType', value='OPERATIONAL'}]}, electionId=null, setVersion=528, topologyVersion=TopologyVersion{processId=690a5e95fdebde76010eeaab, counter=4}, lastWriteDate=Thu Nov 13 00:48:21 IST 2025, lastUpdateTimeNanos=116789416968800}
2025-11-13 00:48:22 - Monitor thread successfully connected to server with description ServerDescription{address=ac-vmxxmxg-shard-00-02.anu8wnb.mongodb.net:27017, type=REPLICA_SET_PRIMARY, state=CONNECTED, ok=true, minWireVersion=0, maxWireVersion=25, maxDocumentSize=16777216, logicalSessionTimeoutMinutes=30, roundTripTimeNanos=724091300, setName='atlas-fl5ghh-shard-0', canonicalAddress=ac-vmxxmxg-shard-00-02.anu8wnb.mongodb.net:27017, hosts=[ac-vmxxmxg-shard-00-02.anu8wnb.mongodb.net:27017, ac-vmxxmxg-shard-00-00.anu8wnb.mongodb.net:27017, ac-vmxxmxg-shard-00-01.anu8wnb.mongodb.net:27017], passives=[], arbiters=[], primary='ac-vmxxmxg-shard-00-02.anu8wnb.mongodb.net:27017', tagSet=TagSet{[Tag{name='availabilityZone', value='euw1-az1'}, Tag{name='diskState', value='READY'}, Tag{name='nodeType', value='ELECTABLE'}, Tag{name='provider', value='AWS'}, Tag{name='region', value='EU_WEST_1'}, Tag{name='workloadType', value='OPERATIONAL'}]}, electionId=7fffffff0000000000000373, setVersion=528, topologyVersion=TopologyVersion{processId=690a61a3d7c6e4f564852c85, counter=6}, lastWriteDate=Thu Nov 13 00:48:21 IST 2025, lastUpdateTimeNanos=116789416968600}
2025-11-13 00:48:22 - Discovered replica set primary ac-vmxxmxg-shard-00-02.anu8wnb.mongodb.net:27017 with max election id 7fffffff0000000000000373 and max set version 528
2025-11-13 00:48:24 - Started ApplicationTests in 5.308 seconds (process running for 6.286)
Admin user already exists: admin@example.com
Sample student already exists: john.doe@example.com
]]></system-out>
  </testcase>
</testsuite>